build/app/intermediates/manifest_merge_blame_file/debug/manifest-merger-blame-debug-report.txt
1<?xml version="1.0" encoding="utf-8"?>
2<manifest xmlns:android="http://schemas.android.com/apk/res/android"
3    package="com.example.my_payment_app"
4    android:versionCode="1"
5    android:versionName="1.0.0" >
6
7    <uses-sdk
8        android:minSdkVersion="21"
9        android:targetSdkVersion="31" />
10    <!--
11         Flutter needs it to communicate with the running application
12         to allow setting breakpoints, to provide hot reload, etc.
13    -->
14    <uses-permission android:name="android.permission.INTERNET" />
14-->src/debug/AndroidManifest.xml:6:5-66
14-->src/debug/AndroidManifest.xml:6:22-64
15    <!-- Include required permissions for Google Maps API to run. -->
16    <uses-permission android:name="android.permission.ACCESS_NETWORK_STATE" />
16-->[com.google.android.gms:play-services-maps:17.0.0] AndroidManifest.xml:23:5-79
16-->[com.google.android.gms:play-services-maps:17.0.0] AndroidManifest.xml:23:22-76
17
18    <uses-feature
18-->[com.google.android.gms:play-services-maps:17.0.0] AndroidManifest.xml:26:5-28:35
19        android:glEsVersion="0x00020000"
19-->[com.google.android.gms:play-services-maps:17.0.0] AndroidManifest.xml:27:9-41
20        android:required="true" />
20-->[com.google.android.gms:play-services-maps:17.0.0] AndroidManifest.xml:28:9-32
21
22    <application
23        android:name="android.app.Application"
24        android:appComponentFactory="androidx.core.app.CoreComponentFactory"
24-->[androidx.core:core:1.6.0] AndroidManifest.xml:24:18-86
25        android:debuggable="true"
26        android:icon="@mipmap/ic_launcher"
27        android:label="my_payment_app" >
28        <activity
29            android:name="com.example.my_payment_app.MainActivity"
30            android:configChanges="orientation|keyboardHidden|keyboard|screenSize|smallestScreenSize|locale|layoutDirection|fontScale|screenLayout|density|uiMode"
31            android:exported="true"
32            android:hardwareAccelerated="true"
33            android:launchMode="singleTop"
34            android:theme="@style/LaunchTheme"
35            android:windowSoftInputMode="adjustResize" >
36
37            <!--
38                 Specifies an Android theme to apply to this Activity as soon as
39                 the Android process has started. This theme is visible to the user
40                 while the Flutter UI initializes. After that, this theme continues
41                 to determine the Window background behind the Flutter UI.
42            -->
43            <meta-data
44                android:name="io.flutter.embedding.android.NormalTheme"
45                android:resource="@style/NormalTheme" />
46
47            <intent-filter>
48                <action android:name="android.intent.action.MAIN" />
48-->[com.razorpay:checkout:1.6.15] AndroidManifest.xml:23:17-69
48-->[com.razorpay:checkout:1.6.15] AndroidManifest.xml:23:25-66
49
50                <category android:name="android.intent.category.LAUNCHER" />
51            </intent-filter>
52        </activity>
53        <!--
54             Don't delete the meta-data below.
55             This is used by the Flutter tool to generate GeneratedPluginRegistrant.java
56        -->
57        <meta-data
58            android:name="flutterEmbedding"
59            android:value="2" />
60
61        <activity
61-->[:razorpay_flutter] AndroidManifest.xml:10:9-14:20
62            android:name="com.razorpay.CheckoutActivity"
62-->[:razorpay_flutter] AndroidManifest.xml:11:13-57
63            android:configChanges="keyboard|keyboardHidden|orientation|screenSize"
63-->[com.razorpay:checkout:1.6.15] AndroidManifest.xml:20:13-83
64            android:exported="false"
64-->[:razorpay_flutter] AndroidManifest.xml:12:13-37
65            android:label="Razorpay Checkout"
65-->[:razorpay_flutter] AndroidManifest.xml:13:13-46
66            android:theme="@style/CheckoutTheme" >
66-->[com.razorpay:checkout:1.6.15] AndroidManifest.xml:21:13-49
67            <intent-filter>
67-->[com.razorpay:checkout:1.6.15] AndroidManifest.xml:22:13-28:29
68                <action android:name="android.intent.action.MAIN" />
68-->[com.razorpay:checkout:1.6.15] AndroidManifest.xml:23:17-69
68-->[com.razorpay:checkout:1.6.15] AndroidManifest.xml:23:25-66
69
70                <data
70-->[com.razorpay:checkout:1.6.15] AndroidManifest.xml:25:17-27:47
71                    android:host="rzp.io"
71-->[com.razorpay:checkout:1.6.15] AndroidManifest.xml:26:21-42
72                    android:scheme="io.rzp" />
72-->[com.razorpay:checkout:1.6.15] AndroidManifest.xml:27:21-44
73            </intent-filter>
74        </activity>
75
76        <receiver
76-->[:razorpay_flutter] AndroidManifest.xml:16:9-22:20
77            android:name="com.razorpay.RzpTokenReceiver"
77-->[:razorpay_flutter] AndroidManifest.xml:17:13-57
78            android:exported="false" >
78-->[:razorpay_flutter] AndroidManifest.xml:18:13-37
79            <intent-filter>
79-->[:razorpay_flutter] AndroidManifest.xml:19:13-21:29
80                <action android:name="rzp.device_token.share" />
80-->[:razorpay_flutter] AndroidManifest.xml:20:17-65
80-->[:razorpay_flutter] AndroidManifest.xml:20:25-62
81            </intent-filter>
82        </receiver>
83
84        <meta-data
84-->[:pay_android] AndroidManifest.xml:14:9-16:36
85            android:name="com.google.android.gms.wallet.api.enabled"
85-->[:pay_android] AndroidManifest.xml:15:13-69
86            android:value="true" />
86-->[:pay_android] AndroidManifest.xml:16:13-33
87
88        <uses-library
88-->[androidx.window:window:1.0.0-beta04] AndroidManifest.xml:25:9-27:40
89            android:name="androidx.window.extensions"
89-->[androidx.window:window:1.0.0-beta04] AndroidManifest.xml:26:13-54
90            android:required="false" />
90-->[androidx.window:window:1.0.0-beta04] AndroidManifest.xml:27:13-37
91        <uses-library
91-->[androidx.window:window:1.0.0-beta04] AndroidManifest.xml:28:9-30:40
92            android:name="androidx.window.sidecar"
92-->[androidx.window:window:1.0.0-beta04] AndroidManifest.xml:29:13-51
93            android:required="false" />
93-->[androidx.window:window:1.0.0-beta04] AndroidManifest.xml:30:13-37
94
95        <meta-data
95-->[com.razorpay:checkout:1.6.15] AndroidManifest.xml:31:9-33:58
96            android:name="com.razorpay.plugin.googlepay_all"
96-->[com.razorpay:checkout:1.6.15] AndroidManifest.xml:32:13-61
97            android:value="com.razorpay.RzpGpayMerged" />
97-->[com.razorpay:checkout:1.6.15] AndroidManifest.xml:33:13-55
98
99        <activity
99-->[com.google.android.gms:play-services-auth:17.0.0] AndroidManifest.xml:23:9-27:75
100            android:name="com.google.android.gms.auth.api.signin.internal.SignInHubActivity"
100-->[com.google.android.gms:play-services-auth:17.0.0] AndroidManifest.xml:24:13-93
101            android:excludeFromRecents="true"
101-->[com.google.android.gms:play-services-auth:17.0.0] AndroidManifest.xml:25:13-46
102            android:exported="false"
102-->[com.google.android.gms:play-services-auth:17.0.0] AndroidManifest.xml:26:13-37
103            android:theme="@android:style/Theme.Translucent.NoTitleBar" />
103-->[com.google.android.gms:play-services-auth:17.0.0] AndroidManifest.xml:27:13-72
104        <!--
105            Service handling Google Sign-In user revocation. For apps that do not integrate with
106            Google Sign-In, this service will never be started.
107        -->
108        <service
108-->[com.google.android.gms:play-services-auth:17.0.0] AndroidManifest.xml:33:9-36:110
109            android:name="com.google.android.gms.auth.api.signin.RevocationBoundService"
109-->[com.google.android.gms:play-services-auth:17.0.0] AndroidManifest.xml:34:13-89
110            android:exported="true"
110-->[com.google.android.gms:play-services-auth:17.0.0] AndroidManifest.xml:35:13-36
111            android:permission="com.google.android.gms.auth.api.signin.permission.REVOCATION_NOTIFICATION" /> <!-- Needs to be explicitly declared on P+ -->
111-->[com.google.android.gms:play-services-auth:17.0.0] AndroidManifest.xml:36:13-107
112        <uses-library
112-->[com.google.android.gms:play-services-maps:17.0.0] AndroidManifest.xml:33:9-35:40
113            android:name="org.apache.http.legacy"
113-->[com.google.android.gms:play-services-maps:17.0.0] AndroidManifest.xml:34:13-50
114            android:required="false" />
114-->[com.google.android.gms:play-services-maps:17.0.0] AndroidManifest.xml:35:13-37
115
116        <activity
116-->[com.google.android.gms:play-services-base:17.5.0] AndroidManifest.xml:23:9-26:75
117            android:name="com.google.android.gms.common.api.GoogleApiActivity"
117-->[com.google.android.gms:play-services-base:17.5.0] AndroidManifest.xml:24:13-79
118            android:exported="false"
118-->[com.google.android.gms:play-services-base:17.5.0] AndroidManifest.xml:25:13-37
119            android:theme="@android:style/Theme.Translucent.NoTitleBar" />
119-->[com.google.android.gms:play-services-base:17.5.0] AndroidManifest.xml:26:13-72
120
121        <meta-data
121-->[com.google.android.gms:play-services-basement:17.6.0] AndroidManifest.xml:23:9-25:69
122            android:name="com.google.android.gms.version"
122-->[com.google.android.gms:play-services-basement:17.6.0] AndroidManifest.xml:24:13-58
123            android:value="@integer/google_play_services_version" />
123-->[com.google.android.gms:play-services-basement:17.6.0] AndroidManifest.xml:25:13-66
124    </application>
125
126</manifest>